<?xml version="1.0" encoding="UTF-8"?>
<!-- Generated by org.testng.reporters.JUnitReportReporter -->
<testsuite skipped="0" hostname="02HW10757" name="myPackage.myClass" tests="1" failures="0" timestamp="17 Oct 2016 18:56:58 GMT" time="6.201" errors="0">
  <testcase name="verifyHomePageTitle" time="6.201" classname="myPackage.myClass"/>
</testsuite> <!-- myPackage.myClass -->
