<?xml version="1.0" encoding="UTF-8"?>
<!-- Generated by org.testng.reporters.JUnitReportReporter -->
<testsuite hostname="02HW10757" name="myPackage.ImportFromExcel" tests="1" failures="0" timestamp="21 Oct 2016 17:37:58 GMT" time="0.483" errors="0">
  <testcase name="excelTest" time="0.483" classname="myPackage.ImportFromExcel"/>
</testsuite> <!-- myPackage.ImportFromExcel -->
